Построение начато 11.06.2012 7:33:08.
     1>Проект "D:\Documents and Settings\Nadin\Мои документы\Visual Studio 2010\Projects\Task16\Task16\Task16.vcxproj" в узле 2 (целевые объекты build).
     1>InitializeBuildStatus:
         Создание "Debug\Task16.unsuccessfulbuild", так как было задано "AlwaysCreate".
       ClCompile:
         D:\Program Files\Microsoft Visual Studio 10.0\VC\bin\CL.exe /c /ZI /nologo /W3 /WX- /Od /Oy- /D WIN32 /D _DEBUG /D _CONSOLE /D _UNICODE /D UNICODE /Gm /EHsc /RTC1 /MDd /GS /fp:precise /Zc:wchar_t /Zc:forScope /Fo"Debug\\" /Fd"Debug\vc100.pdb" /Gd /TP /analyze- /errorReport:prompt definitions.cpp
         definitions.cpp
       ManifestResourceCompile:
         Для всех выходных данных обновления не требуется.
       Link:
         D:\Program Files\Microsoft Visual Studio 10.0\VC\bin\link.exe /ERRORREPORT:PROMPT /OUT:"D:\Documents and Settings\Nadin\Мои документы\Visual Studio 2010\Projects\Task16\Debug\Task16.exe" /INCREMENTAL /NOLOGO kernel32.lib user32.lib gdi32.lib winspool.lib comdlg32.lib advapi32.lib shell32.lib ole32.lib oleaut32.lib uuid.lib odbc32.lib odbccp32.lib /MANIFEST /ManifestFile:"Debug\Task16.exe.intermediate.manifest" /MANIFESTUAC:"level='asInvoker' uiAccess='false'" /DEBUG /PDB:"D:\Documents and Settings\Nadin\Мои документы\Visual Studio 2010\Projects\Task16\Debug\Task16.pdb" /SUBSYSTEM:CONSOLE /TLBID:1 /DYNAMICBASE /NXCOMPAT /IMPLIB:"D:\Documents and Settings\Nadin\Мои документы\Visual Studio 2010\Projects\Task16\Debug\Task16.lib" /MACHINE:X86 Debug\Task16.exe.embed.manifest.res
         Debug\definitions.obj
         Debug\SourceCode.obj
       Manifest:
         D:\Program Files\Microsoft SDKs\Windows\v7.0A\bin\mt.exe /nologo /verbose /out:"Debug\Task16.exe.embed.manifest" /manifest Debug\Task16.exe.intermediate.manifest
         Для всех выходных данных обновления не требуется.
       LinkEmbedManifest:
         Для всех выходных данных обновления не требуется.
         Task16.vcxproj -> D:\Documents and Settings\Nadin\Мои документы\Visual Studio 2010\Projects\Task16\Debug\Task16.exe
       FinalizeBuildStatus:
         Файл "Debug\Task16.unsuccessfulbuild" удаляется.
         Обращение к "Debug\Task16.lastbuildstate".
     1>Построение проекта "D:\Documents and Settings\Nadin\Мои документы\Visual Studio 2010\Projects\Task16\Task16\Task16.vcxproj" завершено (целевые объекты build).

Построение успешно завершено.

Затраченное время: 00:00:02.35
